This file contains any messages produced by compilers while
running configure, to aid debugging if configure makes a mistake.

It was created by gtkmm configure 3.19.6, which was
generated by GNU Autoconf 2.69.  Invocation command line was

  $ ./configure 

## --------- ##
## Platform. ##
## --------- ##

hostname = bifur
uname -m = x86_64
uname -r = 4.3.6-201.fc22.x86_64
uname -s = Linux
uname -v = #1 SMP Mon Feb 22 13:39:09 UTC 2016

/usr/bin/uname -p = x86_64
/bin/uname -X     = unknown

/bin/arch              = x86_64
/usr/bin/arch -k       = unknown
/usr/convex/getsysinfo = unknown
/usr/bin/hostinfo      = unknown
/bin/machine           = unknown
/usr/bin/oslevel       = unknown
/bin/universe          = unknown

PATH: /usr/local/bin
PATH: /usr/bin
PATH: /usr/local/sbin
PATH: /usr/sbin
PATH: /export/home/cwmacaul/bin


## ----------- ##
## Core tests. ##
## ----------- ##

configure:2520: checking for a BSD-compatible install
configure:2588: result: /usr/bin/install -c
configure:2599: checking whether build environment is sane
configure:2654: result: yes
configure:2805: checking for a thread-safe mkdir -p
configure:2844: result: /usr/bin/mkdir -p
configure:2851: checking for gawk
configure:2867: found /usr/bin/gawk
configure:2878: result: gawk
configure:2889: checking whether make sets $(MAKE)
configure:2911: result: yes
configure:2940: checking whether make supports nested variables
configure:2957: result: yes
configure:3037: checking whether UID '36555' is supported by ustar format
configure:3040: result: yes
configure:3047: checking whether GID '36555' is supported by ustar format
configure:3050: result: yes
configure:3058: checking how to create a ustar tar archive
configure:3069: tar --version
tar (GNU tar) 1.28
Copyright (C) 2014 Free Software Foundation, Inc.
License GPLv3+: GNU GPL version 3 or later <http://gnu.org/licenses/gpl.html>.
This is free software: you are free to change and redistribute it.
There is NO WARRANTY, to the extent permitted by law.

Written by John Gilmore and Jay Fenlason.
configure:3072: $? = 0
configure:3112: tardir=conftest.dir && eval tar --format=ustar -chf - "$tardir" >conftest.tar
configure:3115: $? = 0
configure:3119: tar -xf - <conftest.tar
configure:3122: $? = 0
configure:3124: cat conftest.dir/file
GrepMe
configure:3127: $? = 0
configure:3140: result: gnutar
configure:3201: checking whether make supports nested variables
configure:3218: result: yes
configure:3230: checking whether to enable maintainer-specific portions of Makefiles
configure:3239: result: no
configure:3256: checking whether make supports GNU make features
test 'success' = success
configure:3270: result: yes
configure:3399: checking for g++
configure:3415: found /usr/bin/g++
configure:3426: result: g++
configure:3453: checking for C++ compiler version
configure:3462: g++ --version >&5
g++ (GCC) 5.3.1 20151207 (Red Hat 5.3.1-2)
Copyright (C) 2015 Free Software Foundation, Inc.
This is free software; see the source for copying conditions.  There is NO
warranty; not even for MERCHANTABILITY or FITNESS FOR A PARTICULAR PURPOSE.

configure:3473: $? = 0
configure:3462: g++ -v >&5
Using built-in specs.
COLLECT_GCC=g++
COLLECT_LTO_WRAPPER=/usr/libexec/gcc/x86_64-redhat-linux/5.3.1/lto-wrapper
Target: x86_64-redhat-linux
Configured with: ../configure --enable-bootstrap --enable-languages=c,c++,objc,obj-c++,fortran,ada,go,lto --prefix=/usr --mandir=/usr/share/man --infodir=/usr/share/info --with-bugurl=http://bugzilla.redhat.com/bugzilla --enable-shared --enable-threads=posix --enable-checking=release --enable-multilib --with-system-zlib --enable-__cxa_atexit --disable-libunwind-exceptions --enable-gnu-unique-object --enable-linker-build-id --with-linker-hash-style=gnu --enable-plugin --enable-initfini-array --disable-libgcj --with-default-libstdcxx-abi=gcc4-compatible --with-isl --enable-libmpx --enable-gnu-indirect-function --with-tune=generic --with-arch_32=i686 --build=x86_64-redhat-linux
Thread model: posix
gcc version 5.3.1 20151207 (Red Hat 5.3.1-2) (GCC) 
configure:3473: $? = 0
configure:3462: g++ -V >&5
g++: error: unrecognized command line option '-V'
g++: fatal error: no input files
compilation terminated.
configure:3473: $? = 1
configure:3462: g++ -qversion >&5
g++: error: unrecognized command line option '-qversion'
g++: fatal error: no input files
compilation terminated.
configure:3473: $? = 1
configure:3493: checking whether the C++ compiler works
configure:3515: g++    conftest.cpp  >&5
configure:3519: $? = 0
configure:3567: result: yes
configure:3570: checking for C++ compiler default output file name
configure:3572: result: a.out
configure:3578: checking for suffix of executables
configure:3585: g++ -o conftest    conftest.cpp  >&5
configure:3589: $? = 0
configure:3611: result: 
configure:3633: checking whether we are cross compiling
configure:3641: g++ -o conftest    conftest.cpp  >&5
configure:3645: $? = 0
configure:3652: ./conftest
configure:3656: $? = 0
configure:3671: result: no
configure:3676: checking for suffix of object files
configure:3698: g++ -c   conftest.cpp >&5
configure:3702: $? = 0
configure:3723: result: o
configure:3727: checking whether we are using the GNU C++ compiler
configure:3746: g++ -c   conftest.cpp >&5
configure:3746: $? = 0
configure:3755: result: yes
configure:3764: checking whether g++ accepts -g
configure:3784: g++ -c -g  conftest.cpp >&5
configure:3784: $? = 0
configure:3825: result: yes
configure:3859: checking for style of include used by make
configure:3887: result: GNU
configure:3913: checking dependency style of g++
configure:4024: result: gcc3
configure:4047: checking whether g++ supports C++11 features by default
configure:4104: g++ -c -g -O2  conftest.cpp >&5
conftest.cpp:19:21: error: expected identifier before 'sizeof'
       static_assert(sizeof(int) <= sizeof(T), "not big enough");
                     ^
conftest.cpp:19:21: error: expected ',' or '...' before 'sizeof'
conftest.cpp:19:63: error: ISO C++ forbids declaration of 'static_assert' with no type [-fpermissive]
       static_assert(sizeof(int) <= sizeof(T), "not big enough");
                                                               ^
conftest.cpp:26:20: warning: override controls (override/final) only available with -std=c++11 or -std=gnu++11
     virtual void f() override {}
                    ^
conftest.cpp:29:29: error: '>>' should be '> >' within a nested template argument list
     typedef check<check<bool>> right_angle_brackets;
                             ^
conftest.cpp:32:13: error: expected constructor, destructor, or type conversion before '(' token
     decltype(a) b;
             ^
conftest.cpp:36:15: error: expected unqualified-id before '&&' token
     check_type&& cr = static_cast<check_type&&>(c);
               ^
conftest.cpp:38:10: error: 'd' does not name a type
     auto d = a;
          ^
conftest.cpp:39:10: error: 'l' does not name a type
     auto l = [](){};
          ^
conftest.cpp: In constructor 'use_l::use_l()':
conftest.cpp:41:32: error: 'l' was not declared in this scope
     struct use_l { use_l() { l(); } };
                                ^
conftest.cpp: At global scope:
conftest.cpp:49:9: error: expected unqualified-id before 'using'
         using member = typename T::member_type;
         ^
conftest.cpp:55:19: error: variable or field 'func' declared void
         void func(member<T>*) {}
                   ^
conftest.cpp:55:19: error: 'member' was not declared in this scope
conftest.cpp:55:27: error: expected primary-expression before '>' token
         void func(member<T>*) {}
                           ^
conftest.cpp:55:29: error: expected primary-expression before ')' token
         void func(member<T>*) {}
                             ^
configure:4104: $? = 1
configure: failed program was:
| /* confdefs.h */
| #define PACKAGE_NAME "gtkmm"
| #define PACKAGE_TARNAME "gtkmm"
| #define PACKAGE_VERSION "3.19.6"
| #define PACKAGE_STRING "gtkmm 3.19.6"
| #define PACKAGE_BUGREPORT "http://bugzilla.gnome.org/enter_bug.cgi?product=gtkmm"
| #define PACKAGE_URL "http://www.gtkmm.org/"
| #define GDKMM_MAJOR_VERSION 3
| #define GDKMM_MINOR_VERSION 19
| #define GDKMM_MICRO_VERSION 6
| #define GTKMM_MAJOR_VERSION 3
| #define GTKMM_MINOR_VERSION 19
| #define GTKMM_MICRO_VERSION 6
| /* end confdefs.h.  */
| 
|   template <typename T>
|     struct check
|     {
|       static_assert(sizeof(int) <= sizeof(T), "not big enough");
|     };
| 
|     struct Base {
|     virtual void f() {}
|     };
|     struct Child : public Base {
|     virtual void f() override {}
|     };
| 
|     typedef check<check<bool>> right_angle_brackets;
| 
|     int a;
|     decltype(a) b;
| 
|     typedef check<int> check_type;
|     check_type c;
|     check_type&& cr = static_cast<check_type&&>(c);
| 
|     auto d = a;
|     auto l = [](){};
|     // Prevent Clang error: unused variable 'l' [-Werror,-Wunused-variable]
|     struct use_l { use_l() { l(); } };
| 
|     // http://stackoverflow.com/questions/13728184/template-aliases-and-sfinae
|     // Clang 3.1 fails with headers of libstd++ 4.8.3 when using std::function because of this
|     namespace test_template_alias_sfinae {
|         struct foo {};
| 
|         template<typename T>
|         using member = typename T::member_type;
| 
|         template<typename T>
|         void func(...) {}
| 
|         template<typename T>
|         void func(member<T>*) {}
| 
|         void test();
| 
|         void test() {
|             func<foo>(0);
|         }
|     }
| 
configure:4111: result: no
configure:4122: checking whether g++ supports C++11 features with -std=c++11
configure:4181: g++ -c -g -O2 -std=c++11  conftest.cpp >&5
configure:4181: $? = 0
configure:4190: result: yes
configure:4285: checking build system type
configure:4299: result: x86_64-unknown-linux-gnu
configure:4319: checking host system type
configure:4332: result: x86_64-unknown-linux-gnu
configure:4373: checking how to print strings
configure:4400: result: printf
configure:4469: checking for gcc
configure:4485: found /usr/bin/gcc
configure:4496: result: gcc
configure:4725: checking for C compiler version
configure:4734: gcc --version >&5
gcc (GCC) 5.3.1 20151207 (Red Hat 5.3.1-2)
Copyright (C) 2015 Free Software Foundation, Inc.
This is free software; see the source for copying conditions.  There is NO
warranty; not even for MERCHANTABILITY or FITNESS FOR A PARTICULAR PURPOSE.

configure:4745: $? = 0
configure:4734: gcc -v >&5
Using built-in specs.
COLLECT_GCC=gcc
COLLECT_LTO_WRAPPER=/usr/libexec/gcc/x86_64-redhat-linux/5.3.1/lto-wrapper
Target: x86_64-redhat-linux
Configured with: ../configure --enable-bootstrap --enable-languages=c,c++,objc,obj-c++,fortran,ada,go,lto --prefix=/usr --mandir=/usr/share/man --infodir=/usr/share/info --with-bugurl=http://bugzilla.redhat.com/bugzilla --enable-shared --enable-threads=posix --enable-checking=release --enable-multilib --with-system-zlib --enable-__cxa_atexit --disable-libunwind-exceptions --enable-gnu-unique-object --enable-linker-build-id --with-linker-hash-style=gnu --enable-plugin --enable-initfini-array --disable-libgcj --with-default-libstdcxx-abi=gcc4-compatible --with-isl --enable-libmpx --enable-gnu-indirect-function --with-tune=generic --with-arch_32=i686 --build=x86_64-redhat-linux
Thread model: posix
gcc version 5.3.1 20151207 (Red Hat 5.3.1-2) (GCC) 
configure:4745: $? = 0
configure:4734: gcc -V >&5
gcc: error: unrecognized command line option '-V'
gcc: fatal error: no input files
compilation terminated.
configure:4745: $? = 1
configure:4734: gcc -qversion >&5
gcc: error: unrecognized command line option '-qversion'
gcc: fatal error: no input files
compilation terminated.
configure:4745: $? = 1
configure:4749: checking whether we are using the GNU C compiler
configure:4768: gcc -c   conftest.c >&5
configure:4768: $? = 0
configure:4777: result: yes
configure:4786: checking whether gcc accepts -g
configure:4806: gcc -c -g  conftest.c >&5
configure:4806: $? = 0
configure:4847: result: yes
configure:4864: checking for gcc option to accept ISO C89
configure:4927: gcc  -c -g -O2  conftest.c >&5
configure:4927: $? = 0
configure:4940: result: none needed
configure:4965: checking whether gcc understands -c and -o together
configure:4987: gcc -c conftest.c -o conftest2.o
configure:4990: $? = 0
configure:4987: gcc -c conftest.c -o conftest2.o
configure:4990: $? = 0
configure:5002: result: yes
configure:5021: checking dependency style of gcc
configure:5132: result: gcc3
configure:5147: checking for a sed that does not truncate output
configure:5211: result: /usr/bin/sed
configure:5229: checking for grep that handles long lines and -e
configure:5287: result: /usr/bin/grep
configure:5292: checking for egrep
configure:5354: result: /usr/bin/grep -E
configure:5359: checking for fgrep
configure:5421: result: /usr/bin/grep -F
configure:5456: checking for ld used by gcc
configure:5523: result: /usr/bin/ld
configure:5530: checking if the linker (/usr/bin/ld) is GNU ld
configure:5545: result: yes
configure:5557: checking for BSD- or MS-compatible name lister (nm)
configure:5606: result: /usr/bin/nm -B
configure:5736: checking the name lister (/usr/bin/nm -B) interface
configure:5743: gcc -c -g -O2  conftest.c >&5
configure:5746: /usr/bin/nm -B "conftest.o"
configure:5749: output
0000000000000000 B some_variable
configure:5756: result: BSD nm
configure:5759: checking whether ln -s works
configure:5763: result: yes
configure:5771: checking the maximum length of command line arguments
configure:5902: result: 1572864
configure:5919: checking whether the shell understands some XSI constructs
configure:5929: result: yes
configure:5933: checking whether the shell understands "+="
configure:5939: result: yes
configure:5974: checking how to convert x86_64-unknown-linux-gnu file names to x86_64-unknown-linux-gnu format
configure:6014: result: func_convert_file_noop
configure:6021: checking how to convert x86_64-unknown-linux-gnu file names to toolchain format
configure:6041: result: func_convert_file_noop
configure:6048: checking for /usr/bin/ld option to reload object files
configure:6055: result: -r
configure:6129: checking for objdump
configure:6145: found /usr/bin/objdump
configure:6156: result: objdump
configure:6185: checking how to recognize dependent libraries
configure:6383: result: pass_all
configure:6468: checking for dlltool
configure:6498: result: no
configure:6525: checking how to associate runtime and link libraries
configure:6552: result: printf %s\n
configure:6613: checking for ar
configure:6629: found /usr/bin/ar
configure:6640: result: ar
configure:6677: checking for archiver @FILE support
configure:6694: gcc -c -g -O2  conftest.c >&5
configure:6694: $? = 0
configure:6697: ar cru libconftest.a @conftest.lst >&5
ar: `u' modifier ignored since `D' is the default (see `U')
configure:6700: $? = 0
configure:6705: ar cru libconftest.a @conftest.lst >&5
ar: `u' modifier ignored since `D' is the default (see `U')
ar: conftest.o: No such file or directory
configure:6708: $? = 1
configure:6720: result: @
configure:6778: checking for strip
configure:6794: found /usr/bin/strip
configure:6805: result: strip
configure:6877: checking for ranlib
configure:6893: found /usr/bin/ranlib
configure:6904: result: ranlib
configure:7006: checking command to parse /usr/bin/nm -B output from gcc object
configure:7126: gcc -c -g -O2  conftest.c >&5
configure:7129: $? = 0
configure:7133: /usr/bin/nm -B conftest.o \| sed -n -e 's/^.*[ ]\([ABCDGIRSTW][ABCDGIRSTW]*\)[ ][ ]*\([_A-Za-z][_A-Za-z0-9]*\)$/\1 \2 \2/p' | sed '/ __gnu_lto/d' \> conftest.nm
configure:7136: $? = 0
configure:7202: gcc -o conftest -g -O2   conftest.c conftstm.o >&5
configure:7205: $? = 0
configure:7243: result: ok
configure:7280: checking for sysroot
configure:7310: result: no
configure:7387: gcc -c -g -O2  conftest.c >&5
configure:7390: $? = 0
configure:7579: checking for mt
configure:7609: result: no
configure:7629: checking if : is a manifest tool
configure:7635: : '-?'
configure:7643: result: no
configure:8285: checking how to run the C preprocessor
configure:8316: gcc -E  conftest.c
configure:8316: $? = 0
configure:8330: gcc -E  conftest.c
conftest.c:15:28: fatal error: ac_nonexistent.h: No such file or directory
compilation terminated.
configure:8330: $? = 1
configure: failed program was:
| /* confdefs.h */
| #define PACKAGE_NAME "gtkmm"
| #define PACKAGE_TARNAME "gtkmm"
| #define PACKAGE_VERSION "3.19.6"
| #define PACKAGE_STRING "gtkmm 3.19.6"
| #define PACKAGE_BUGREPORT "http://bugzilla.gnome.org/enter_bug.cgi?product=gtkmm"
| #define PACKAGE_URL "http://www.gtkmm.org/"
| #define GDKMM_MAJOR_VERSION 3
| #define GDKMM_MINOR_VERSION 19
| #define GDKMM_MICRO_VERSION 6
| #define GTKMM_MAJOR_VERSION 3
| #define GTKMM_MINOR_VERSION 19
| #define GTKMM_MICRO_VERSION 6
| /* end confdefs.h.  */
| #include <ac_nonexistent.h>
configure:8355: result: gcc -E
configure:8375: gcc -E  conftest.c
configure:8375: $? = 0
configure:8389: gcc -E  conftest.c
conftest.c:15:28: fatal error: ac_nonexistent.h: No such file or directory
compilation terminated.
configure:8389: $? = 1
configure: failed program was:
| /* confdefs.h */
| #define PACKAGE_NAME "gtkmm"
| #define PACKAGE_TARNAME "gtkmm"
| #define PACKAGE_VERSION "3.19.6"
| #define PACKAGE_STRING "gtkmm 3.19.6"
| #define PACKAGE_BUGREPORT "http://bugzilla.gnome.org/enter_bug.cgi?product=gtkmm"
| #define PACKAGE_URL "http://www.gtkmm.org/"
| #define GDKMM_MAJOR_VERSION 3
| #define GDKMM_MINOR_VERSION 19
| #define GDKMM_MICRO_VERSION 6
| #define GTKMM_MAJOR_VERSION 3
| #define GTKMM_MINOR_VERSION 19
| #define GTKMM_MICRO_VERSION 6
| /* end confdefs.h.  */
| #include <ac_nonexistent.h>
configure:8418: checking for ANSI C header files
configure:8438: gcc -c -g -O2  conftest.c >&5
configure:8438: $? = 0
configure:8511: gcc -o conftest -g -O2   conftest.c  >&5
configure:8511: $? = 0
configure:8511: ./conftest
configure:8511: $? = 0
configure:8522: result: yes
configure:8535: checking for sys/types.h
configure:8535: gcc -c -g -O2  conftest.c >&5
configure:8535: $? = 0
configure:8535: result: yes
configure:8535: checking for sys/stat.h
configure:8535: gcc -c -g -O2  conftest.c >&5
configure:8535: $? = 0
configure:8535: result: yes
configure:8535: checking for stdlib.h
configure:8535: gcc -c -g -O2  conftest.c >&5
configure:8535: $? = 0
configure:8535: result: yes
configure:8535: checking for string.h
configure:8535: gcc -c -g -O2  conftest.c >&5
configure:8535: $? = 0
configure:8535: result: yes
configure:8535: checking for memory.h
configure:8535: gcc -c -g -O2  conftest.c >&5
configure:8535: $? = 0
configure:8535: result: yes
configure:8535: checking for strings.h
configure:8535: gcc -c -g -O2  conftest.c >&5
configure:8535: $? = 0
configure:8535: result: yes
configure:8535: checking for inttypes.h
configure:8535: gcc -c -g -O2  conftest.c >&5
configure:8535: $? = 0
configure:8535: result: yes
configure:8535: checking for stdint.h
configure:8535: gcc -c -g -O2  conftest.c >&5
configure:8535: $? = 0
configure:8535: result: yes
configure:8535: checking for unistd.h
configure:8535: gcc -c -g -O2  conftest.c >&5
configure:8535: $? = 0
configure:8535: result: yes
configure:8549: checking for dlfcn.h
configure:8549: gcc -c -g -O2  conftest.c >&5
configure:8549: $? = 0
configure:8549: result: yes
configure:9033: checking for objdir
configure:9048: result: .libs
configure:9319: checking if gcc supports -fno-rtti -fno-exceptions
configure:9337: gcc -c -g -O2  -fno-rtti -fno-exceptions conftest.c >&5
cc1: warning: command line option '-fno-rtti' is valid for C++/ObjC++ but not for C
configure:9341: $? = 0
configure:9354: result: no
configure:9681: checking for gcc option to produce PIC
configure:9688: result: -fPIC -DPIC
configure:9696: checking if gcc PIC flag -fPIC -DPIC works
configure:9714: gcc -c -g -O2  -fPIC -DPIC -DPIC conftest.c >&5
configure:9718: $? = 0
configure:9731: result: yes
configure:9760: checking if gcc static flag -static works
configure:9788: result: no
configure:9803: checking if gcc supports -c -o file.o
configure:9824: gcc -c -g -O2  -o out/conftest2.o conftest.c >&5
configure:9828: $? = 0
configure:9850: result: yes
configure:9858: checking if gcc supports -c -o file.o
configure:9905: result: yes
configure:9938: checking whether the gcc linker (/usr/bin/ld -m elf_x86_64) supports shared libraries
configure:11095: result: yes
configure:11132: checking whether -lc should be explicitly linked in
configure:11140: gcc -c -g -O2  conftest.c >&5
configure:11143: $? = 0
configure:11158: gcc -shared  -fPIC -DPIC conftest.o  -v -Wl,-soname -Wl,conftest -o conftest 2\>\&1 \| /usr/bin/grep  -lc  \>/dev/null 2\>\&1
configure:11161: $? = 0
configure:11175: result: no
configure:11335: checking dynamic linker characteristics
configure:11835: gcc -o conftest -g -O2   -Wl,-rpath -Wl,/foo conftest.c  >&5
configure:11835: $? = 0
configure:12069: result: GNU/Linux ld.so
configure:12176: checking how to hardcode library paths into programs
configure:12201: result: immediate
configure:12741: checking whether stripping libraries is possible
configure:12746: result: yes
configure:12781: checking if libtool supports shared libraries
configure:12783: result: yes
configure:12786: checking whether to build shared libraries
configure:12807: result: yes
configure:12810: checking whether to build static libraries
configure:12814: result: no
configure:12837: checking how to run the C++ preprocessor
configure:12864: g++ -E  conftest.cpp
configure:12864: $? = 0
configure:12878: g++ -E  conftest.cpp
conftest.cpp:27:28: fatal error: ac_nonexistent.h: No such file or directory
compilation terminated.
configure:12878: $? = 1
configure: failed program was:
| /* confdefs.h */
| #define PACKAGE_NAME "gtkmm"
| #define PACKAGE_TARNAME "gtkmm"
| #define PACKAGE_VERSION "3.19.6"
| #define PACKAGE_STRING "gtkmm 3.19.6"
| #define PACKAGE_BUGREPORT "http://bugzilla.gnome.org/enter_bug.cgi?product=gtkmm"
| #define PACKAGE_URL "http://www.gtkmm.org/"
| #define GDKMM_MAJOR_VERSION 3
| #define GDKMM_MINOR_VERSION 19
| #define GDKMM_MICRO_VERSION 6
| #define GTKMM_MAJOR_VERSION 3
| #define GTKMM_MINOR_VERSION 19
| #define GTKMM_MICRO_VERSION 6
| #define STDC_HEADERS 1
| #define HAVE_SYS_TYPES_H 1
| #define HAVE_SYS_STAT_H 1
| #define HAVE_STDLIB_H 1
| #define HAVE_STRING_H 1
| #define HAVE_MEMORY_H 1
| #define HAVE_STRINGS_H 1
| #define HAVE_INTTYPES_H 1
| #define HAVE_STDINT_H 1
| #define HAVE_UNISTD_H 1
| #define HAVE_DLFCN_H 1
| #define LT_OBJDIR ".libs/"
| /* end confdefs.h.  */
| #include <ac_nonexistent.h>
configure:12903: result: g++ -E
configure:12923: g++ -E  conftest.cpp
configure:12923: $? = 0
configure:12937: g++ -E  conftest.cpp
conftest.cpp:27:28: fatal error: ac_nonexistent.h: No such file or directory
compilation terminated.
configure:12937: $? = 1
configure: failed program was:
| /* confdefs.h */
| #define PACKAGE_NAME "gtkmm"
| #define PACKAGE_TARNAME "gtkmm"
| #define PACKAGE_VERSION "3.19.6"
| #define PACKAGE_STRING "gtkmm 3.19.6"
| #define PACKAGE_BUGREPORT "http://bugzilla.gnome.org/enter_bug.cgi?product=gtkmm"
| #define PACKAGE_URL "http://www.gtkmm.org/"
| #define GDKMM_MAJOR_VERSION 3
| #define GDKMM_MINOR_VERSION 19
| #define GDKMM_MICRO_VERSION 6
| #define GTKMM_MAJOR_VERSION 3
| #define GTKMM_MINOR_VERSION 19
| #define GTKMM_MICRO_VERSION 6
| #define STDC_HEADERS 1
| #define HAVE_SYS_TYPES_H 1
| #define HAVE_SYS_STAT_H 1
| #define HAVE_STDLIB_H 1
| #define HAVE_STRING_H 1
| #define HAVE_MEMORY_H 1
| #define HAVE_STRINGS_H 1
| #define HAVE_INTTYPES_H 1
| #define HAVE_STDINT_H 1
| #define HAVE_UNISTD_H 1
| #define HAVE_DLFCN_H 1
| #define LT_OBJDIR ".libs/"
| /* end confdefs.h.  */
| #include <ac_nonexistent.h>
configure:13106: checking for ld used by g++
configure:13173: result: /usr/bin/ld -m elf_x86_64
configure:13180: checking if the linker (/usr/bin/ld -m elf_x86_64) is GNU ld
configure:13195: result: yes
configure:13250: checking whether the g++ linker (/usr/bin/ld -m elf_x86_64) supports shared libraries
configure:14252: result: yes
configure:14288: g++ -c -g -O2 -std=c++11  conftest.cpp >&5
configure:14291: $? = 0
configure:14811: checking for g++ option to produce PIC
configure:14818: result: -fPIC -DPIC
configure:14826: checking if g++ PIC flag -fPIC -DPIC works
configure:14844: g++ -c -g -O2 -std=c++11  -fPIC -DPIC -DPIC conftest.cpp >&5
configure:14848: $? = 0
configure:14861: result: yes
configure:14884: checking if g++ static flag -static works
configure:14912: result: no
configure:14924: checking if g++ supports -c -o file.o
configure:14945: g++ -c -g -O2 -std=c++11  -o out/conftest2.o conftest.cpp >&5
configure:14949: $? = 0
configure:14971: result: yes
configure:14976: checking if g++ supports -c -o file.o
configure:15023: result: yes
configure:15053: checking whether the g++ linker (/usr/bin/ld -m elf_x86_64) supports shared libraries
configure:15092: result: yes
configure:15233: checking dynamic linker characteristics
configure:15901: result: GNU/Linux ld.so
configure:15954: checking how to hardcode library paths into programs
configure:15979: result: immediate
configure:16095: checking for pkg-config
configure:16113: found /usr/bin/pkg-config
configure:16125: result: /usr/bin/pkg-config
configure:16150: checking pkg-config is at least version 0.9.0
configure:16153: result: yes
configure:16163: checking for GTK
configure:16170: $PKG_CONFIG --exists --print-errors "gtk+-3.0"
Package gtk+-3.0 was not found in the pkg-config search path.
Perhaps you should add the directory containing `gtk+-3.0.pc'
to the PKG_CONFIG_PATH environment variable
No package 'gtk+-3.0' found
configure:16173: $? = 1
configure:16187: $PKG_CONFIG --exists --print-errors "gtk+-3.0"
Package gtk+-3.0 was not found in the pkg-config search path.
Perhaps you should add the directory containing `gtk+-3.0.pc'
to the PKG_CONFIG_PATH environment variable
No package 'gtk+-3.0' found
configure:16190: $? = 1
configure:16204: result: no
No package 'gtk+-3.0' found
configure:16220: error: Package requirements (gtk+-3.0) were not met:

No package 'gtk+-3.0' found

Consider adjusting the PKG_CONFIG_PATH environment variable if you
installed software in a non-standard prefix.

Alternatively, you may set the environment variables GTK_CFLAGS
and GTK_LIBS to avoid the need to call pkg-config.
See the pkg-config man page for more details.

## ---------------- ##
## Cache variables. ##
## ---------------- ##

ac_cv_build=x86_64-unknown-linux-gnu
ac_cv_c_compiler_gnu=yes
ac_cv_cxx_compiler_gnu=yes
ac_cv_env_ACLOCAL_FLAGS_set=
ac_cv_env_ACLOCAL_FLAGS_value=
ac_cv_env_CCC_set=
ac_cv_env_CCC_value=
ac_cv_env_CC_set=
ac_cv_env_CC_value=
ac_cv_env_CFLAGS_set=
ac_cv_env_CFLAGS_value=
ac_cv_env_CPPFLAGS_set=
ac_cv_env_CPPFLAGS_value=
ac_cv_env_CPP_set=
ac_cv_env_CPP_value=
ac_cv_env_CXXCPP_set=
ac_cv_env_CXXCPP_value=
ac_cv_env_CXXFLAGS_set=
ac_cv_env_CXXFLAGS_value=
ac_cv_env_CXX_set=
ac_cv_env_CXX_value=
ac_cv_env_DOT_set=
ac_cv_env_DOT_value=
ac_cv_env_DOXYGEN_set=
ac_cv_env_DOXYGEN_value=
ac_cv_env_GDKMM_CFLAGS_set=
ac_cv_env_GDKMM_CFLAGS_value=
ac_cv_env_GDKMM_LIBS_set=
ac_cv_env_GDKMM_LIBS_value=
ac_cv_env_GTKMM_CFLAGS_set=
ac_cv_env_GTKMM_CFLAGS_value=
ac_cv_env_GTKMM_DEMOS_EXTRA_CFLAGS_set=
ac_cv_env_GTKMM_DEMOS_EXTRA_CFLAGS_value=
ac_cv_env_GTKMM_DEMOS_EXTRA_LIBS_set=
ac_cv_env_GTKMM_DEMOS_EXTRA_LIBS_value=
ac_cv_env_GTKMM_LIBS_set=
ac_cv_env_GTKMM_LIBS_value=
ac_cv_env_GTK_CFLAGS_set=
ac_cv_env_GTK_CFLAGS_value=
ac_cv_env_GTK_LIBS_set=
ac_cv_env_GTK_LIBS_value=
ac_cv_env_LDFLAGS_set=
ac_cv_env_LDFLAGS_value=
ac_cv_env_LIBS_set=
ac_cv_env_LIBS_value=
ac_cv_env_PERL_set=
ac_cv_env_PERL_value=
ac_cv_env_PKG_CONFIG_LIBDIR_set=
ac_cv_env_PKG_CONFIG_LIBDIR_value=
ac_cv_env_PKG_CONFIG_PATH_set=
ac_cv_env_PKG_CONFIG_PATH_value=
ac_cv_env_PKG_CONFIG_set=
ac_cv_env_PKG_CONFIG_value=
ac_cv_env_XSLTPROC_set=
ac_cv_env_XSLTPROC_value=
ac_cv_env_build_alias_set=
ac_cv_env_build_alias_value=
ac_cv_env_host_alias_set=
ac_cv_env_host_alias_value=
ac_cv_env_target_alias_set=
ac_cv_env_target_alias_value=
ac_cv_header_dlfcn_h=yes
ac_cv_header_inttypes_h=yes
ac_cv_header_memory_h=yes
ac_cv_header_stdc=yes
ac_cv_header_stdint_h=yes
ac_cv_header_stdlib_h=yes
ac_cv_header_string_h=yes
ac_cv_header_strings_h=yes
ac_cv_header_sys_stat_h=yes
ac_cv_header_sys_types_h=yes
ac_cv_header_unistd_h=yes
ac_cv_host=x86_64-unknown-linux-gnu
ac_cv_objext=o
ac_cv_path_EGREP='/usr/bin/grep -E'
ac_cv_path_FGREP='/usr/bin/grep -F'
ac_cv_path_GREP=/usr/bin/grep
ac_cv_path_SED=/usr/bin/sed
ac_cv_path_ac_pt_PKG_CONFIG=/usr/bin/pkg-config
ac_cv_path_install='/usr/bin/install -c'
ac_cv_path_mkdir=/usr/bin/mkdir
ac_cv_prog_AWK=gawk
ac_cv_prog_CPP='gcc -E'
ac_cv_prog_CXXCPP='g++ -E'
ac_cv_prog_ac_ct_AR=ar
ac_cv_prog_ac_ct_CC=gcc
ac_cv_prog_ac_ct_CXX=g++
ac_cv_prog_ac_ct_OBJDUMP=objdump
ac_cv_prog_ac_ct_RANLIB=ranlib
ac_cv_prog_ac_ct_STRIP=strip
ac_cv_prog_cc_c89=
ac_cv_prog_cc_g=yes
ac_cv_prog_cxx_g=yes
ac_cv_prog_make_make_set=yes
am_cv_CC_dependencies_compiler_type=gcc3
am_cv_CXX_dependencies_compiler_type=gcc3
am_cv_make_support_nested_variables=yes
am_cv_prog_cc_c_o=yes
am_cv_prog_tar_ustar=gnutar
ax_cv_cxx_compile_cxx11=no
ax_cv_cxx_compile_cxx11__std_cpp11=yes
lt_cv_ar_at_file=@
lt_cv_archive_cmds_need_lc=no
lt_cv_deplibs_check_method=pass_all
lt_cv_file_magic_cmd='$MAGIC_CMD'
lt_cv_file_magic_test_file=
lt_cv_ld_reload_flag=-r
lt_cv_nm_interface='BSD nm'
lt_cv_objdir=.libs
lt_cv_path_LD=/usr/bin/ld
lt_cv_path_LDCXX='/usr/bin/ld -m elf_x86_64'
lt_cv_path_NM='/usr/bin/nm -B'
lt_cv_path_mainfest_tool=no
lt_cv_prog_compiler_c_o=yes
lt_cv_prog_compiler_c_o_CXX=yes
lt_cv_prog_compiler_pic='-fPIC -DPIC'
lt_cv_prog_compiler_pic_CXX='-fPIC -DPIC'
lt_cv_prog_compiler_pic_works=yes
lt_cv_prog_compiler_pic_works_CXX=yes
lt_cv_prog_compiler_rtti_exceptions=no
lt_cv_prog_compiler_static_works=no
lt_cv_prog_compiler_static_works_CXX=no
lt_cv_prog_gnu_ld=yes
lt_cv_prog_gnu_ldcxx=yes
lt_cv_sharedlib_from_linklib_cmd='printf %s\n'
lt_cv_shlibpath_overrides_runpath=no
lt_cv_sys_global_symbol_pipe='sed -n -e '\''s/^.*[	 ]\([ABCDGIRSTW][ABCDGIRSTW]*\)[	 ][	 ]*\([_A-Za-z][_A-Za-z0-9]*\)$/\1 \2 \2/p'\'' | sed '\''/ __gnu_lto/d'\'''
lt_cv_sys_global_symbol_to_c_name_address='sed -n -e '\''s/^: \([^ ]*\)[ ]*$/  {\"\1\", (void *) 0},/p'\'' -e '\''s/^[ABCDGIRSTW]* \([^ ]*\) \([^ ]*\)$/  {"\2", (void *) \&\2},/p'\'''
lt_cv_sys_global_symbol_to_c_name_address_lib_prefix='sed -n -e '\''s/^: \([^ ]*\)[ ]*$/  {\"\1\", (void *) 0},/p'\'' -e '\''s/^[ABCDGIRSTW]* \([^ ]*\) \(lib[^ ]*\)$/  {"\2", (void *) \&\2},/p'\'' -e '\''s/^[ABCDGIRSTW]* \([^ ]*\) \([^ ]*\)$/  {"lib\2", (void *) \&\2},/p'\'''
lt_cv_sys_global_symbol_to_cdecl='sed -n -e '\''s/^T .* \(.*\)$/extern int \1();/p'\'' -e '\''s/^[ABCDGIRSTW]* .* \(.*\)$/extern char \1;/p'\'''
lt_cv_sys_max_cmd_len=1572864
lt_cv_to_host_file_cmd=func_convert_file_noop
lt_cv_to_tool_file_cmd=func_convert_file_noop

## ----------------- ##
## Output variables. ##
## ----------------- ##

ACLOCAL='${SHELL} /export/home/cwmacaul/Documents/vision/src/gtkmm-3.19.6/build/missing aclocal-1.15'
ACLOCAL_FLAGS=''
AMDEPBACKSLASH='\'
AMDEP_FALSE='#'
AMDEP_TRUE=''
AMTAR='$${TAR-tar}'
AM_BACKSLASH='\'
AM_DEFAULT_V='$(AM_DEFAULT_VERBOSITY)'
AM_DEFAULT_VERBOSITY='1'
AM_V='$(V)'
AR='ar'
AS='as'
AUTOCONF='${SHELL} /export/home/cwmacaul/Documents/vision/src/gtkmm-3.19.6/build/missing autoconf'
AUTOHEADER='${SHELL} /export/home/cwmacaul/Documents/vision/src/gtkmm-3.19.6/build/missing autoheader'
AUTOMAKE='${SHELL} /export/home/cwmacaul/Documents/vision/src/gtkmm-3.19.6/build/missing automake-1.15'
AWK='gawk'
CC='gcc'
CCDEPMODE='depmode=gcc3'
CFLAGS='-g -O2'
CPP='gcc -E'
CPPFLAGS=''
CXX='g++'
CXXCPP='g++ -E'
CXXDEPMODE='depmode=gcc3'
CXXFLAGS='-g -O2 -std=c++11'
CYGPATH_W='echo'
DEFS=''
DEPDIR='.deps'
DISABLE_DEPRECATED_API_FALSE=''
DISABLE_DEPRECATED_API_TRUE=''
DIST_DOCTOOLS_FALSE='#'
DIST_DOCTOOLS_TRUE=''
DLLTOOL='false'
DOCINSTALL_FLAGS=''
DOT=''
DOXYGEN=''
DOXYGEN_TAGFILES=''
DSYMUTIL=''
DUMPBIN=''
ECHO_C=''
ECHO_N='-n'
ECHO_T=''
EGREP='/usr/bin/grep -E'
ENABLE_DOCUMENTATION_FALSE=''
ENABLE_DOCUMENTATION_TRUE=''
EXEEXT=''
FGREP='/usr/bin/grep -F'
GDKMM_API_VERSION='3.0'
GDKMM_CFLAGS=''
GDKMM_LIBS=''
GDKMM_MAJOR_VERSION='3'
GDKMM_MICRO_VERSION='6'
GDKMM_MINOR_VERSION='19'
GDKMM_MODULES=''
GDKMM_MODULE_NAME='gdkmm-3.0'
GDKMM_VERSION='3.19.6'
GDK_TARGET_BROADWAY_FALSE=''
GDK_TARGET_BROADWAY_TRUE=''
GDK_TARGET_QUARTZ_FALSE=''
GDK_TARGET_QUARTZ_TRUE=''
GDK_TARGET_WAYLAND_FALSE=''
GDK_TARGET_WAYLAND_TRUE=''
GDK_TARGET_WIN32_FALSE=''
GDK_TARGET_WIN32_TRUE=''
GDK_TARGET_X11_FALSE=''
GDK_TARGET_X11_TRUE=''
GLIB_COMPILE_RESOURCES=''
GMMPROC_DIR=''
GMMPROC_EXTRA_M4_DIR=''
GREP='/usr/bin/grep'
GTHREAD_CFLAGS=''
GTHREAD_LIBS=''
GTKMM_API_VERSION='3.0'
GTKMM_CFLAGS=''
GTKMM_DEMOS_EXTRA_CFLAGS=''
GTKMM_DEMOS_EXTRA_LIBS=''
GTKMM_DEMOS_EXTRA_MODULES=''
GTKMM_LIBS=''
GTKMM_MAJOR_VERSION='3'
GTKMM_MICRO_VERSION='6'
GTKMM_MINOR_VERSION='19'
GTKMM_MODULES=''
GTKMM_MODULE_NAME='gtkmm-3.0'
GTKMM_VERSION='3.19.6'
GTKMM_WXXFLAGS=''
GTK_CFLAGS=''
GTK_LIBS=''
HAVE_CXX11=''
HOST_WINDOWS_NATIVE_FALSE=''
HOST_WINDOWS_NATIVE_TRUE=''
INSTALL_DATA='${INSTALL} -m 644'
INSTALL_PROGRAM='${INSTALL}'
INSTALL_SCRIPT='${INSTALL}'
INSTALL_STRIP_PROGRAM='$(install_sh) -c -s'
LD='/usr/bin/ld -m elf_x86_64'
LDFLAGS=''
LIBGTKMM_SO_VERSION='2:0:1'
LIBOBJS=''
LIBS=''
LIBTOOL='$(SHELL) $(top_builddir)/libtool'
LIPO=''
LN_S='ln -s'
LTLIBOBJS=''
MAINT='#'
MAINTAINER_MODE_FALSE=''
MAINTAINER_MODE_TRUE='#'
MAKEINFO='${SHELL} /export/home/cwmacaul/Documents/vision/src/gtkmm-3.19.6/build/missing makeinfo'
MANIFEST_TOOL=':'
MKDIR_P='/usr/bin/mkdir -p'
MMDOCTOOLDIR='${top_srcdir}/docs'
NM='/usr/bin/nm -B'
NMEDIT=''
OBJDUMP='objdump'
OBJEXT='o'
OTOOL64=''
OTOOL=''
PACKAGE='gtkmm'
PACKAGE_BUGREPORT='http://bugzilla.gnome.org/enter_bug.cgi?product=gtkmm'
PACKAGE_NAME='gtkmm'
PACKAGE_STRING='gtkmm 3.19.6'
PACKAGE_TARNAME='gtkmm'
PACKAGE_URL='http://www.gtkmm.org/'
PACKAGE_VERSION='3.19.6'
PATH_SEPARATOR=':'
PERL=''
PKG_CONFIG='/usr/bin/pkg-config'
PKG_CONFIG_LIBDIR=''
PKG_CONFIG_PATH=''
RANLIB='ranlib'
SED='/usr/bin/sed'
SET_MAKE=''
SHELL='/bin/sh'
STRIP='strip'
VERSION='3.19.6'
XSLTPROC=''
ac_ct_AR='ar'
ac_ct_CC='gcc'
ac_ct_CXX='g++'
ac_ct_DUMPBIN=''
am__EXEEXT_FALSE=''
am__EXEEXT_TRUE=''
am__fastdepCC_FALSE='#'
am__fastdepCC_TRUE=''
am__fastdepCXX_FALSE='#'
am__fastdepCXX_TRUE=''
am__include='include'
am__isrc=''
am__leading_dot='.'
am__nodep='_no'
am__quote=''
am__tar='tar --format=ustar -chf - "$$tardir"'
am__untar='tar -xf -'
bindir='${exec_prefix}/bin'
build='x86_64-unknown-linux-gnu'
build_alias=''
build_cpu='x86_64'
build_os='linux-gnu'
build_vendor='unknown'
datadir='${datarootdir}'
datarootdir='${prefix}/share'
docdir='${datarootdir}/doc/${PACKAGE_TARNAME}'
dvidir='${docdir}'
exec_prefix='NONE'
host='x86_64-unknown-linux-gnu'
host_alias=''
host_cpu='x86_64'
host_os='linux-gnu'
host_vendor='unknown'
htmldir='${docdir}'
includedir='${prefix}/include'
infodir='${datarootdir}/info'
install_sh='${SHELL} /export/home/cwmacaul/Documents/vision/src/gtkmm-3.19.6/build/install-sh'
libdir='${exec_prefix}/lib'
libexecdir='${exec_prefix}/libexec'
localedir='${datarootdir}/locale'
localstatedir='${prefix}/var'
mandir='${datarootdir}/man'
mkdir_p='$(MKDIR_P)'
oldincludedir='/usr/include'
pdfdir='${docdir}'
prefix='NONE'
program_transform_name='s,x,x,'
psdir='${docdir}'
sbindir='${exec_prefix}/sbin'
sharedstatedir='${prefix}/com'
sysconfdir='${prefix}/etc'
target_alias=''

## ----------- ##
## confdefs.h. ##
## ----------- ##

/* confdefs.h */
#define PACKAGE_NAME "gtkmm"
#define PACKAGE_TARNAME "gtkmm"
#define PACKAGE_VERSION "3.19.6"
#define PACKAGE_STRING "gtkmm 3.19.6"
#define PACKAGE_BUGREPORT "http://bugzilla.gnome.org/enter_bug.cgi?product=gtkmm"
#define PACKAGE_URL "http://www.gtkmm.org/"
#define GDKMM_MAJOR_VERSION 3
#define GDKMM_MINOR_VERSION 19
#define GDKMM_MICRO_VERSION 6
#define GTKMM_MAJOR_VERSION 3
#define GTKMM_MINOR_VERSION 19
#define GTKMM_MICRO_VERSION 6
#define STDC_HEADERS 1
#define HAVE_SYS_TYPES_H 1
#define HAVE_SYS_STAT_H 1
#define HAVE_STDLIB_H 1
#define HAVE_STRING_H 1
#define HAVE_MEMORY_H 1
#define HAVE_STRINGS_H 1
#define HAVE_INTTYPES_H 1
#define HAVE_STDINT_H 1
#define HAVE_UNISTD_H 1
#define HAVE_DLFCN_H 1
#define LT_OBJDIR ".libs/"

configure: exit 1
